<?xml version="1.0" encoding="UTF-8"?>
<!-- Generated by org.testng.reporters.JUnitReportReporter -->
<testsuite hostname="LAPTOP-KR3MEEAA" failures="0" tests="2" name="Testsite1.Know1" time="0.007" errors="0" timestamp="2024-07-10T21:27:58 IST" skipped="0">
  <testcase classname="Testsite1.Know1" name="test2" time="0.001"/>
  <system-out/>
  <testcase classname="Testsite1.Know1" name="test1" time="0.006"/>
  <system-out/>
</testsuite> <!-- Testsite1.Know1 -->
